<?xml version="1.0" encoding="UTF-8"?>
<!-- Generated by org.testng.reporters.JUnitReportReporter -->
<testsuite hostname="PRATIKSPC" failures="0" tests="1" name="com.ERP.QA.TESTCASES.softAsserationExample" time="7.115" errors="0" timestamp="2023-02-17T14:38:31 IST" skipped="0">
  <testcase classname="com.ERP.QA.TESTCASES.softAsserationExample" name="testExample" time="7.115"/>
  <system-out/>
</testsuite> <!-- com.ERP.QA.TESTCASES.softAsserationExample -->
