<?xml version="1.0" encoding="UTF-8"?>
<!-- Generated by org.testng.reporters.JUnitReportReporter -->
<testsuite hostname="PRATIKSPC" failures="0" tests="1" name="com.ERP.QA.TESTCASES.login2" time="2.533" errors="0" timestamp="2023-01-25T17:26:25 IST" skipped="0">
  <testcase classname="com.ERP.QA.TESTCASES.login2" name="verifyLoginWithValidCredentials" time="2.533"/>
  <system-out/>
</testsuite> <!-- com.ERP.QA.TESTCASES.login2 -->
