<?xml version="1.0" encoding="UTF-8"?>
<!-- Generated by org.testng.reporters.JUnitReportReporter -->
<testsuite hostname="PRATIKSPC" failures="0" tests="1" name="com.ERP.QA.TESTCASES.Softassert_ex" time="8.093" errors="0" timestamp="2023-02-09T16:49:00 IST" skipped="0">
  <testcase classname="com.ERP.QA.TESTCASES.Softassert_ex" name="titletest" time="8.093"/>
  <system-out/>
</testsuite> <!-- com.ERP.QA.TESTCASES.Softassert_ex -->
